<?xml version="1.0" encoding="UTF-8"?>
<testng-results ignored="0" total="1" passed="0" failed="1" skipped="0">
  <reporter-output>
    <line>
      <![CDATA[Starting execution for: demoBlaze]]>
    </line>
    <line>
      <![CDATA[Navigate to DemoBlaze]]>
    </line>
    <line>
      <![CDATA[Click on Sign Up button]]>
    </line>
    <line>
      <![CDATA[Type new Username]]>
    </line>
    <line>
      <![CDATA[Type new Password]]>
    </line>
    <line>
      <![CDATA[Click on Sign Up button from pop up]]>
    </line>
    <line>
      <![CDATA[Verify Alert message]]>
    </line>
    <line>
      <![CDATA[Click on Log In button]]>
    </line>
    <line>
      <![CDATA[Type username]]>
    </line>
    <line>
      <![CDATA[Type password]]>
    </line>
    <line>
      <![CDATA[Click on login button]]>
    </line>
    <line>
      <![CDATA[Verify if user is logged in]]>
    </line>
    <line>
      <![CDATA[Click on Laptops button]]>
    </line>
    <line>
      <![CDATA[Click on a Laptop from the grid]]>
    </line>
    <line>
      <![CDATA[Click on Add to card button]]>
    </line>
    <line>
      <![CDATA[Verify alert message]]>
    </line>
    <line>
      <![CDATA[Click on Cart button]]>
    </line>
    <line>
      <![CDATA[Verify that the selected laptop was added to the cart]]>
    </line>
    <line>
      <![CDATA[The execution result is: FAILED]]>
    </line>
    <line>
      <![CDATA[Finishing execution for: demoBlaze]]>
    </line>
  </reporter-output>
  <suite started-at="2024-10-15T18:40:09 GMT-03:00" name="Baufest Tests" finished-at="2024-10-15T18:40:35 GMT-03:00" duration-ms="26106">
    <groups>
    </groups>
    <test started-at="2024-10-15T18:40:09 GMT-03:00" name="Automation" finished-at="2024-10-15T18:40:35 GMT-03:00" duration-ms="26106">
      <class name="com.jcurotto.AutomationDemo_test.tests.tests">
        <test-method is-config="true" signature="beforeSuite()[pri:0, instance:com.jcurotto.AutomationDemo_test.tests.tests@19d37183]" started-at="2024-10-15T18:40:09 GMT-03:00" name="beforeSuite" finished-at="2024-10-15T18:40:09 GMT-03:00" duration-ms="9" status="PASS">
          <reporter-output>
          </reporter-output>
        </test-method> <!-- beforeSuite -->
        <test-method is-config="true" signature="before(java.lang.reflect.Method,org.testng.ITestResult)[pri:0, instance:com.jcurotto.AutomationDemo_test.tests.tests@19d37183]" started-at="2024-10-15T18:40:09 GMT-03:00" name="before" finished-at="2024-10-15T18:40:09 GMT-03:00" duration-ms="7" status="PASS">
          <params>
            <param index="0">
              <value>
                <![CDATA[public void com.jcurotto.AutomationDemo_test.tests.tests.demoBlaze(java.lang.String,java.lang.String)]]>
              </value>
            </param>
            <param index="1">
              <value>
                <![CDATA[[TestResult name={null} status=CREATED method=tests.demoBlaze(java.lang.String,java.lang.String)[pri:0, instance:com.jcurotto.AutomationDemo_test.tests.tests@19d37183] output={null}]]]>
              </value>
            </param>
          </params>
          <reporter-output>
            <line>
              <![CDATA[Starting execution for: demoBlaze]]>
            </line>
          </reporter-output>
        </test-method> <!-- before -->
        <test-method signature="demoBlaze(java.lang.String,java.lang.String)[pri:0, instance:com.jcurotto.AutomationDemo_test.tests.tests@19d37183]" started-at="2024-10-15T18:40:09 GMT-03:00" name="demoBlaze" data-provider="DataProvider" finished-at="2024-10-15T18:40:33 GMT-03:00" duration-ms="24343" status="FAIL">
          <params>
            <param index="0">
              <value>
                <![CDATA[Globant1]]>
              </value>
            </param>
            <param index="1">
              <value>
                <![CDATA[A]]>
              </value>
            </param>
          </params>
          <exception class="java.lang.AssertionError">
            <message>
              <![CDATA[expected [true] but found [false]]]>
            </message>
            <full-stacktrace>
              <![CDATA[java.lang.AssertionError: expected [true] but found [false]
at org.testng.Assert.fail(Assert.java:99)
at org.testng.Assert.failNotEquals(Assert.java:1037)
at org.testng.Assert.assertTrue(Assert.java:45)
at org.testng.Assert.assertTrue(Assert.java:55)
at com.jcurotto.AutomationDemo_test.tests.tests.demoBlaze(tests.java:52)
at java.base/jdk.internal.reflect.DirectMethodHandleAccessor.invoke(DirectMethodHandleAccessor.java:103)
at java.base/java.lang.reflect.Method.invoke(Method.java:580)
at org.testng.internal.MethodInvocationHelper.invokeMethod(MethodInvocationHelper.java:133)
at org.testng.internal.TestInvoker.invokeMethod(TestInvoker.java:598)
at org.testng.internal.TestInvoker.invokeTestMethod(TestInvoker.java:173)
at org.testng.internal.MethodRunner.runInSequence(MethodRunner.java:46)
at org.testng.internal.TestInvoker$MethodInvocationAgent.invoke(TestInvoker.java:824)
at org.testng.internal.TestInvoker.invokeTestMethods(TestInvoker.java:146)
at org.testng.internal.TestMethodWorker.invokeTestMethods(TestMethodWorker.java:146)
at org.testng.internal.TestMethodWorker.run(TestMethodWorker.java:128)
at java.base/java.util.ArrayList.forEach(ArrayList.java:1597)
at org.testng.TestRunner.privateRun(TestRunner.java:794)
at org.testng.TestRunner.run(TestRunner.java:596)
at org.testng.SuiteRunner.runTest(SuiteRunner.java:377)
at org.testng.SuiteRunner.runSequentially(SuiteRunner.java:371)
at org.testng.SuiteRunner.privateRun(SuiteRunner.java:332)
at org.testng.SuiteRunner.run(SuiteRunner.java:276)
at org.testng.SuiteRunnerWorker.runSuite(SuiteRunnerWorker.java:53)
at org.testng.SuiteRunnerWorker.run(SuiteRunnerWorker.java:96)
at org.testng.TestNG.runSuitesSequentially(TestNG.java:1212)
at org.testng.TestNG.runSuitesLocally(TestNG.java:1134)
at org.testng.TestNG.runSuites(TestNG.java:1063)
at org.testng.TestNG.run(TestNG.java:1031)
at com.intellij.rt.testng.IDEARemoteTestNG.run(IDEARemoteTestNG.java:65)
at com.intellij.rt.testng.RemoteTestNGStarter.main(RemoteTestNGStarter.java:105)
]]>
            </full-stacktrace>
          </exception> <!-- java.lang.AssertionError -->
          <reporter-output>
            <line>
              <![CDATA[Navigate to DemoBlaze]]>
            </line>
            <line>
              <![CDATA[Click on Sign Up button]]>
            </line>
            <line>
              <![CDATA[Type new Username]]>
            </line>
            <line>
              <![CDATA[Type new Password]]>
            </line>
            <line>
              <![CDATA[Click on Sign Up button from pop up]]>
            </line>
            <line>
              <![CDATA[Verify Alert message]]>
            </line>
            <line>
              <![CDATA[Click on Log In button]]>
            </line>
            <line>
              <![CDATA[Type username]]>
            </line>
            <line>
              <![CDATA[Type password]]>
            </line>
            <line>
              <![CDATA[Click on login button]]>
            </line>
            <line>
              <![CDATA[Verify if user is logged in]]>
            </line>
            <line>
              <![CDATA[Click on Laptops button]]>
            </line>
            <line>
              <![CDATA[Click on a Laptop from the grid]]>
            </line>
            <line>
              <![CDATA[Click on Add to card button]]>
            </line>
            <line>
              <![CDATA[Verify alert message]]>
            </line>
            <line>
              <![CDATA[Click on Cart button]]>
            </line>
            <line>
              <![CDATA[Verify that the selected laptop was added to the cart]]>
            </line>
          </reporter-output>
        </test-method> <!-- demoBlaze -->
        <test-method is-config="true" signature="after(org.testng.ITestResult)[pri:0, instance:com.jcurotto.AutomationDemo_test.tests.tests@19d37183]" started-at="2024-10-15T18:40:33 GMT-03:00" name="after" finished-at="2024-10-15T18:40:35 GMT-03:00" duration-ms="1721" status="PASS">
          <params>
            <param index="0">
              <value>
                <![CDATA[[TestResult name=demoBlaze status=FAILURE method=tests.demoBlaze(java.lang.String,java.lang.String)[pri:0, instance:com.jcurotto.AutomationDemo_test.tests.tests@19d37183] output=Navigate to DemoBlaze]]]>
              </value>
            </param>
          </params>
          <reporter-output>
            <line>
              <![CDATA[The execution result is: FAILED]]>
            </line>
            <line>
              <![CDATA[Finishing execution for: demoBlaze]]>
            </line>
          </reporter-output>
        </test-method> <!-- after -->
      </class> <!-- com.jcurotto.AutomationDemo_test.tests.tests -->
    </test> <!-- Automation -->
  </suite> <!-- Baufest Tests -->
</testng-results>
